<?xml version="1.0" encoding="UTF-8"?>
<!-- Generated by org.testng.reporters.JUnitXMLReporter -->
<testsuite hostname="admin-PC" ignored="0" name="Default test" tests="7" failures="0" timestamp="07 Sep 2019 21:01:54 GMT" time="31.715" errors="0">
  <testcase name="logotest" time="0.725" classname="com.AdidasEcom.Testcase.HomePageTest"/>
  <testcase name="headmentest" time="7.711" classname="com.AdidasEcom.Testcase.HomePageTest"/>
  <testcase name="headwomentest" time="1.608" classname="com.AdidasEcom.Testcase.HomePageTest"/>
  <testcase name="headkidstest" time="4.181" classname="com.AdidasEcom.Testcase.HomePageTest"/>
  <testcase name="headfittest" time="3.521" classname="com.AdidasEcom.Testcase.HomePageTest"/>
  <testcase name="headClasstest" time="0.336" classname="com.AdidasEcom.Testcase.HomePageTest"/>
  <testcase name="headouttest" time="0.323" classname="com.AdidasEcom.Testcase.HomePageTest"/>
</testsuite> <!-- Default test -->
